Attaching to coreoscluster_dhcp_1, coreoscluster_tftp_1, coreoscluster_registrycache_1, coreoscluster_nginx_1
[36mdhcp_1          | [0mInternet Systems Consortium DHCP Server 4.3.3-P1
[36mdhcp_1          | [0mCopyright 2004-2016 Internet Systems Consortium.
[36mdhcp_1          | [0mAll rights reserved.
[36mdhcp_1          | [0mFor info, please visit https://www.isc.org/software/dhcp/
[36mdhcp_1          | [0mldap_gssapi_principal is not set,GSSAPI Authentication for LDAP will not be used
[36mdhcp_1          | [0mNot searching LDAP since ldap-server, ldap-port and ldap-base-dn were not specified in the config file
[36mdhcp_1          | [0mConfig file: /etc/dhcp/dhcpd.conf
[36mdhcp_1          | [0mDatabase file: /var/lib/dhcpd/dhcpd.leases
[36mdhcp_1          | [0mPID file: /var/run/dhcpd.pid
[36mdhcp_1          | [0mSource compiled to use binary-leases
[36mdhcp_1          | [0mWrote 4 leases to leases file.
[32mregistrycache_1 | [0mtime="2016-03-15T11:45:16Z" level=warning msg="No HTTP secret provided - generated random secret. This may cause problems with uploads if multiple registries are behind a load-balancer. To provide a shared secret, fill in http.secret in the configuration file or set the REGISTRY_HTTP_SECRET environment variable." go.version=go1.5.3 instance.id=022277d2-a039-4d64-8e76-ec81298b0eb2 version=v2.3.1 
[32mregistrycache_1 | [0mtime="2016-03-15T11:45:16Z" level=info msg="redis not configured" go.version=go1.5.3 instance.id=022277d2-a039-4d64-8e76-ec81298b0eb2 version=v2.3.1 
[32mregistrycache_1 | [0mtime="2016-03-15T11:45:16Z" level=info msg="Starting upload purge in 14m0s" go.version=go1.5.3 instance.id=022277d2-a039-4d64-8e76-ec81298b0eb2 version=v2.3.1 
[32mregistrycache_1 | [0mtime="2016-03-15T11:45:16Z" level=info msg="using inmemory blob descriptor cache" go.version=go1.5.3 instance.id=022277d2-a039-4d64-8e76-ec81298b0eb2 version=v2.3.1 
[36mdhcp_1          | [0m
[32mregistrycache_1 | [0mtime="2016-03-15T11:45:16Z" level=info msg="Starting cached object TTL expiration scheduler..." go.version=go1.5.3 instance.id=022277d2-a039-4d64-8e76-ec81298b0eb2 version=v2.3.1 
[32mregistrycache_1 | [0mtime="2016-03-15T11:45:16Z" level=info msg="Registry configured as a proxy cache to https://registry-1.docker.io" go.version=go1.5.3 instance.id=022277d2-a039-4d64-8e76-ec81298b0eb2 version=v2.3.1 
[36mdhcp_1          | [0mNo subnet declaration for veth711a9e7 (no IPv4 addresses).
[36mdhcp_1          | [0m** Ignoring requests on veth711a9e7.  If this is not what
[32mregistrycache_1 | [0mtime="2016-03-15T11:45:16Z" level=info msg="listening on [::]:5000" go.version=go1.5.3 instance.id=022277d2-a039-4d64-8e76-ec81298b0eb2 version=v2.3.1 
[36mdhcp_1          | [0m   you want, please write a subnet declaration
[36mdhcp_1          | [0m   in your dhcpd.conf file for the network segment
[36mdhcp_1          | [0m   to which interface veth711a9e7 is attached. **
[36mdhcp_1          | [0m
[36mdhcp_1          | [0m
[36mdhcp_1          | [0mNo subnet declaration for docker0 (172.17.0.1).
[36mdhcp_1          | [0m** Ignoring requests on docker0.  If this is not what
[36mdhcp_1          | [0m   you want, please write a subnet declaration
[36mdhcp_1          | [0m   in your dhcpd.conf file for the network segment
[36mdhcp_1          | [0m   to which interface docker0 is attached. **
[36mdhcp_1          | [0m
[36mdhcp_1          | [0mListening on LPF/eno16780032/00:0c:29:38:d9:ac/192.168.137.0/24
[36mdhcp_1          | [0mSending on   LPF/eno16780032/00:0c:29:38:d9:ac/192.168.137.0/24
[36mdhcp_1          | [0mSending on   Socket/fallback/fallback-net
[32mcoreoscluster_registrycache_1 exited with code 2
[0m[33mcoreoscluster_tftp_1 exited with code 0
[0m[35mcoreoscluster_nginx_1 exited with code 0
[0m[36mcoreoscluster_dhcp_1 exited with code 137
[0m